<?xml version="1.0" encoding="UTF-8"?>
<testsuite xmlns:xsi="http://www.w3.org/2001/XMLSchema-instance" xsi:noNamespaceSchemaLocation="https://maven.apache.org/surefire/maven-surefire-plugin/xsd/surefire-test-report-3.0.xsd" version="3.0" name="sharpBubbles.authService.AuthServiceApplicationTests" time="7.283" tests="1" errors="0" skipped="0" failures="0">
  <properties>
[...]
</properties>
  <testcase name="contextLoads" classname="sharpBubbles.authService.AuthServiceApplicationTests" time="0.643">
    <system-out><![CDATA[22:42:38.111 [main] INFO org.springframework.test.context.support.AnnotationConfigContextLoaderUtils -- Could not detect default configuration classes for test class [sharpBubbles.authService.AuthServiceApplicationTests]: AuthServiceApplicationTests does not declare any static, non-private, non-final, nested classes annotated with @Configuration.
22:42:38.204 [main] INFO org.springframework.boot.test.context.SpringBootTestContextBootstrapper -- Found @SpringBootConfiguration sharpBubbles.authService.AuthServiceApplication for test class sharpBubbles.authService.AuthServiceApplicationTests
  .   ____          _            __ _ _
 /\\ / ___'_ __ _ _(_)_ __  __ _ \ \ \ \
( ( )\___ | '_ | '_| | '_ \/ _` | \ \ \ \
 \\/  ___)| |_)| | | | | || (_| |  ) ) ) )
  '  |____| .__|_| |_|_| |_\__, | / / / /
 =========|_|==============|___/=/_/_/_/

 :: Spring Boot ::                (v3.3.0)

2024-09-10T22:42:38.568+03:00  INFO 34527 --- [authService] [           main] s.a.AuthServiceApplicationTests          : Starting AuthServiceApplicationTests using Java 21.0.2 with PID 34527 (started by kolya_kha in /home/kolya_kha/Projects/Task-tracker-AuthService)
2024-09-10T22:42:38.569+03:00  INFO 34527 --- [authService] [           main] s.a.AuthServiceApplicationTests          : No active profile set, falling back to 1 default profile: "default"
2024-09-10T22:42:39.233+03:00  INFO 34527 --- [authService] [           main] .s.d.r.c.RepositoryConfigurationDelegate : Multiple Spring Data modules found, entering strict repository configuration mode
2024-09-10T22:42:39.235+03:00  INFO 34527 --- [authService] [           main] .s.d.r.c.RepositoryConfigurationDelegate : Bootstrapping Spring Data JPA repositories in DEFAULT mode.
2024-09-10T22:42:39.353+03:00  INFO 34527 --- [authService] [           main] .s.d.r.c.RepositoryConfigurationDelegate : Finished Spring Data repository scanning in 112 ms. Found 2 JPA repository interfaces.
2024-09-10T22:42:39.370+03:00  INFO 34527 --- [authService] [           main] .s.d.r.c.RepositoryConfigurationDelegate : Multiple Spring Data modules found, entering strict repository configuration mode
2024-09-10T22:42:39.372+03:00  INFO 34527 --- [authService] [           main] .s.d.r.c.RepositoryConfigurationDelegate : Bootstrapping Spring Data Redis repositories in DEFAULT mode.
2024-09-10T22:42:39.385+03:00  INFO 34527 --- [authService] [           main] .RepositoryConfigurationExtensionSupport : Spring Data Redis - Could not safely identify store assignment for repository candidate interface sharpBubbles.authService.repository.CategoryRepository; If you want this repository to be a Redis repository, consider annotating your entities with one of these annotations: org.springframework.data.redis.core.RedisHash (preferred), or consider extending one of the following types with your repository: org.springframework.data.keyvalue.repository.KeyValueRepository
2024-09-10T22:42:39.386+03:00  INFO 34527 --- [authService] [           main] .RepositoryConfigurationExtensionSupport : Spring Data Redis - Could not safely identify store assignment for repository candidate interface sharpBubbles.authService.repository.UserRepository; If you want this repository to be a Redis repository, consider annotating your entities with one of these annotations: org.springframework.data.redis.core.RedisHash (preferred), or consider extending one of the following types with your repository: org.springframework.data.keyvalue.repository.KeyValueRepository
2024-09-10T22:42:39.386+03:00  INFO 34527 --- [authService] [           main] .s.d.r.c.RepositoryConfigurationDelegate : Finished Spring Data repository scanning in 6 ms. Found 0 Redis repository interfaces.
2024-09-10T22:42:39.909+03:00  INFO 34527 --- [authService] [           main] o.hibernate.jpa.internal.util.LogHelper  : HHH000204: Processing PersistenceUnitInfo [name: default]
2024-09-10T22:42:39.948+03:00  INFO 34527 --- [authService] [           main] org.hibernate.Version                    : HHH000412: Hibernate ORM core version 6.5.2.Final
2024-09-10T22:42:39.973+03:00  INFO 34527 --- [authService] [           main] o.h.c.internal.RegionFactoryInitiator    : HHH000026: Second-level cache disabled
2024-09-10T22:42:40.163+03:00  INFO 34527 --- [authService] [           main] o.s.o.j.p.SpringPersistenceUnitInfo      : No LoadTimeWeaver setup: ignoring JPA class transformer
2024-09-10T22:42:40.181+03:00  INFO 34527 --- [authService] [           main] com.zaxxer.hikari.HikariDataSource       : HikariPool-1 - Starting...
2024-09-10T22:42:40.837+03:00  INFO 34527 --- [authService] [           main] com.zaxxer.hikari.pool.HikariPool        : HikariPool-1 - Added connection org.postgresql.jdbc.PgConnection@1e8bccfb
2024-09-10T22:42:40.838+03:00  INFO 34527 --- [authService] [           main] com.zaxxer.hikari.HikariDataSource       : HikariPool-1 - Start completed.
2024-09-10T22:42:40.931+03:00  WARN 34527 --- [authService] [           main] org.hibernate.orm.deprecation            : HHH90000025: PostgreSQLDialect does not need to be specified explicitly using 'hibernate.dialect' (remove the property setting and it will be selected by default)
2024-09-10T22:42:41.758+03:00  INFO 34527 --- [authService] [           main] o.h.e.t.j.p.i.JtaPlatformInitiator       : HHH000489: No JTA platform available (set 'hibernate.transaction.jta.platform' to enable JTA platform integration)
2024-09-10T22:42:42.519+03:00  INFO 34527 --- [authService] [           main] j.LocalContainerEntityManagerFactoryBean : Initialized JPA EntityManagerFactory for persistence unit 'default'
2024-09-10T22:42:42.887+03:00  WARN 34527 --- [authService] [           main] JpaBaseConfiguration$JpaWebConfiguration : spring.jpa.open-in-view is enabled by default. Therefore, database queries may be performed during view rendering. Explicitly configure spring.jpa.open-in-view to disable this warning
2024-09-10T22:42:43.235+03:00  INFO 34527 --- [authService] [           main] o.s.s.web.DefaultSecurityFilterChain     : Will secure any request with [org.springframework.security.web.session.DisableEncodeUrlFilter@51f31fad, org.springframework.security.web.context.request.async.WebAsyncManagerIntegrationFilter@7976d382, org.springframework.security.web.context.SecurityContextHolderFilter@38e100ab, org.springframework.security.web.header.HeaderWriterFilter@63075ad1, org.springframework.web.filter.CorsFilter@59f36439, org.springframework.security.web.authentication.logout.LogoutFilter@33a39d7e, org.springframework.security.oauth2.client.web.OAuth2AuthorizationRequestRedirectFilter@67c61551, org.springframework.security.oauth2.client.web.OAuth2LoginAuthenticationFilter@3d72abea, org.springframework.security.web.authentication.UsernamePasswordAuthenticationFilter@44b1d2fa, org.springframework.security.web.savedrequest.RequestCacheAwareFilter@318f47f1, org.springframework.security.web.servletapi.SecurityContextHolderAwareRequestFilter@39d44217, org.springframework.security.web.authentication.AnonymousAuthenticationFilter@4feea86f, org.springframework.security.web.session.SessionManagementFilter@73bb782d, org.springframework.security.web.access.ExceptionTranslationFilter@12f32f99, org.springframework.security.web.access.intercept.AuthorizationFilter@7c1f3125]
2024-09-10T22:42:43.645+03:00  WARN 34527 --- [authService] [           main] ion$DefaultTemplateResolverConfiguration : Cannot find template location: classpath:/templates/ (please add some templates, check your Thymeleaf configuration, or set spring.thymeleaf.check-template-location=false)
2024-09-10T22:42:44.588+03:00  INFO 34527 --- [authService] [           main] s.a.AuthServiceApplicationTests          : Started AuthServiceApplicationTests in 6.284 seconds (process running for 7.032)
]]></system-out>
    <system-err><![CDATA[WARNING: A Java agent has been loaded dynamically (/home/kolya_kha/.m2/repository/net/bytebuddy/byte-buddy-agent/1.14.16/byte-buddy-agent-1.14.16.jar)
WARNING: If a serviceability tool is in use, please run with -XX:+EnableDynamicAgentLoading to hide this warning
WARNING: If a serviceability tool is not in use, please run with -Djdk.instrument.traceUsage for more information
WARNING: Dynamic loading of agents will be disallowed by default in a future release
]]></system-err>
  </testcase>
</testsuite>